<?xml version="1.0" encoding="UTF-8"?>
<!-- Generated by org.testng.reporters.JUnitXMLReporter -->
<testsuite ignored="0" hostname="DESKTOP-GPC7LG8" failures="1" tests="6" name="Test -2" time="30.354" errors="0" timestamp="2023-08-27T12:54:25 IST">
  <testcase classname="flight.tests.BookFlightTest" name="registration_page" time="23.345"/>
  <testcase classname="flight.tests.BookFlightTest" name="registration_confirmation_page" time="0.119"/>
  <testcase classname="flight.tests.BookFlightTest" name="flight_details_page" time="3.198"/>
  <testcase classname="flight.tests.BookFlightTest" name="flight_reservation" time="0.289"/>
  <testcase classname="flight.tests.BookFlightTest" name="billing_address" time="0.658"/>
  <testcase classname="flight.tests.BookFlightTest" name="payment_details_page" time="0.271">
    <failure type="java.lang.AssertionError" message="expected [] but found [Total Bill: $1169 USD]">
      <![CDATA[java.lang.AssertionError: expected [] but found [Total Bill: $1169 USD]
at flight.tests.BookFlightTest.payment_details_page(BookFlightTest.java:80)
at java.base/java.util.ArrayList.forEach(ArrayList.java:1511)
at java.base/java.util.concurrent.FutureTask.run(FutureTask.java:264)
at java.base/java.util.concurrent.ThreadPoolExecutor.runWorker(ThreadPoolExecutor.java:1136)
at java.base/java.util.concurrent.ThreadPoolExecutor$Worker.run(ThreadPoolExecutor.java:635)
at java.base/java.lang.Thread.run(Thread.java:833)
... Removed 24 stack frames]]>
    </failure>
  </testcase> <!-- payment_details_page -->
</testsuite> <!-- Test -2 -->
