<?xml version="1.0" encoding="UTF-8"?>
<!-- Generated by org.testng.reporters.JUnitXMLReporter -->
<testsuite ignored="0" hostname="DESKTOP-GPC7LG8" failures="1" tests="6" name="Test -3" time="21.357" errors="0" timestamp="2023-08-16T22:06:20 IST">
  <testcase classname="flight.tests.BookFlightTest" name="registration_page" time="16.205"/>
  <testcase classname="flight.tests.BookFlightTest" name="registration_confirmation_page" time="0.11"/>
  <testcase classname="flight.tests.BookFlightTest" name="flight_details_page" time="2.028"/>
  <testcase classname="flight.tests.BookFlightTest" name="flight_reservation" time="0.196"/>
  <testcase classname="flight.tests.BookFlightTest" name="billing_address" time="0.477"/>
  <testcase classname="flight.tests.BookFlightTest" name="payment_details_page" time="0.185">
    <failure type="java.lang.AssertionError" message="expected [] but found [Total Bill: $1169 USD]">
      <![CDATA[java.lang.AssertionError: expected [] but found [Total Bill: $1169 USD]
at flight.tests.BookFlightTest.payment_details_page(BookFlightTest.java:80)
at java.base/java.util.ArrayList.forEach(ArrayList.java:1511)
... Removed 33 stack frames]]>
    </failure>
  </testcase> <!-- payment_details_page -->
</testsuite> <!-- Test -3 -->
