<?xml version="1.0" encoding="UTF-8"?>
<testng-results ignored="0" total="12" passed="10" failed="2" skipped="0">
  <reporter-output>
  </reporter-output>
  <suite started-at="2023-08-27T12:53:55 IST" name="Suite" finished-at="2023-08-27T12:54:25 IST" duration-ms="30354">
    <groups>
    </groups>
    <test started-at="2023-08-27T12:53:55 IST" name="Test-1" finished-at="2023-08-27T12:54:21 IST" duration-ms="26198">
      <class name="flight.tests.BookFlightTest">
        <test-method is-config="true" signature="setUp(org.testng.ITestContext)[pri:0, instance:flight.tests.BookFlightTest@4f6ee6e4]" started-at="2023-08-27T12:53:55 IST" name="setUp" finished-at="2023-08-27T12:53:57 IST" duration-ms="2293" status="PASS">
          <params>
            <param index="0">
              <value>
                <![CDATA[org.testng.TestRunner@79079097]]>
              </value>
            </param>
          </params>
          <reporter-output>
          </reporter-output>
        </test-method> <!-- setUp -->
        <test-method signature="registration_page()[pri:0, instance:flight.tests.BookFlightTest@4f6ee6e4]" started-at="2023-08-27T12:53:57 IST" name="registration_page" finished-at="2023-08-27T12:54:17 IST" duration-ms="19213" status="PASS">
          <reporter-output>
          </reporter-output>
        </test-method> <!-- registration_page -->
        <test-method signature="registration_confirmation_page()[pri:0, instance:flight.tests.BookFlightTest@4f6ee6e4]" started-at="2023-08-27T12:54:17 IST" name="registration_confirmation_page" finished-at="2023-08-27T12:54:17 IST" depends-on-methods="flight.tests.BookFlightTest.registration_page" duration-ms="179" status="PASS">
          <reporter-output>
          </reporter-output>
        </test-method> <!-- registration_confirmation_page -->
        <test-method signature="flight_details_page(java.lang.String)[pri:0, instance:flight.tests.BookFlightTest@4f6ee6e4]" started-at="2023-08-27T12:54:17 IST" name="flight_details_page" finished-at="2023-08-27T12:54:20 IST" depends-on-methods="flight.tests.BookFlightTest.registration_confirmation_page" duration-ms="3106" status="PASS">
          <params>
            <param index="0">
              <value>
                <![CDATA[1]]>
              </value>
            </param>
          </params>
          <reporter-output>
          </reporter-output>
        </test-method> <!-- flight_details_page -->
        <test-method signature="flight_reservation()[pri:0, instance:flight.tests.BookFlightTest@4f6ee6e4]" started-at="2023-08-27T12:54:20 IST" name="flight_reservation" finished-at="2023-08-27T12:54:20 IST" depends-on-methods="flight.tests.BookFlightTest.flight_details_page" duration-ms="294" status="PASS">
          <reporter-output>
          </reporter-output>
        </test-method> <!-- flight_reservation -->
        <test-method signature="billing_address()[pri:0, instance:flight.tests.BookFlightTest@4f6ee6e4]" started-at="2023-08-27T12:54:20 IST" name="billing_address" finished-at="2023-08-27T12:54:21 IST" depends-on-methods="flight.tests.BookFlightTest.flight_reservation" duration-ms="699" status="PASS">
          <reporter-output>
          </reporter-output>
        </test-method> <!-- billing_address -->
        <test-method signature="payment_details_page(java.lang.String)[pri:0, instance:flight.tests.BookFlightTest@4f6ee6e4]" started-at="2023-08-27T12:54:21 IST" name="payment_details_page" finished-at="2023-08-27T12:54:21 IST" depends-on-methods="flight.tests.BookFlightTest.billing_address" duration-ms="269" status="FAIL">
          <params>
            <param index="0">
              <value>
                <![CDATA[Total Bill: $584 USD]]>
              </value>
            </param>
          </params>
          <exception class="java.lang.AssertionError">
            <message>
              <![CDATA[expected [] but found [Total Bill: $584 USD]]]>
            </message>
            <full-stacktrace>
              <![CDATA[java.lang.AssertionError: expected [] but found [Total Bill: $584 USD]
at org.testng.Assert.fail(Assert.java:99)
at org.testng.Assert.failNotEquals(Assert.java:1037)
at org.testng.Assert.assertEqualsImpl(Assert.java:140)
at org.testng.Assert.assertEquals(Assert.java:122)
at org.testng.Assert.assertEquals(Assert.java:629)
at org.testng.Assert.assertEquals(Assert.java:639)
at flight.tests.BookFlightTest.payment_details_page(BookFlightTest.java:80)
at java.base/jdk.internal.reflect.NativeMethodAccessorImpl.invoke0(Native Method)
at java.base/jdk.internal.reflect.NativeMethodAccessorImpl.invoke(NativeMethodAccessorImpl.java:77)
at java.base/jdk.internal.reflect.DelegatingMethodAccessorImpl.invoke(DelegatingMethodAccessorImpl.java:43)
at java.base/java.lang.reflect.Method.invoke(Method.java:568)
at org.testng.internal.MethodInvocationHelper.invokeMethod(MethodInvocationHelper.java:133)
at org.testng.internal.TestInvoker.invokeMethod(TestInvoker.java:598)
at org.testng.internal.TestInvoker.invokeTestMethod(TestInvoker.java:173)
at org.testng.internal.MethodRunner.runInSequence(MethodRunner.java:46)
at org.testng.internal.TestInvoker$MethodInvocationAgent.invoke(TestInvoker.java:824)
at org.testng.internal.TestInvoker.invokeTestMethods(TestInvoker.java:146)
at org.testng.internal.TestMethodWorker.invokeTestMethods(TestMethodWorker.java:146)
at org.testng.internal.TestMethodWorker.run(TestMethodWorker.java:128)
at java.base/java.util.ArrayList.forEach(ArrayList.java:1511)
at org.testng.TestRunner.privateRun(TestRunner.java:794)
at org.testng.TestRunner.run(TestRunner.java:596)
at org.testng.SuiteRunner.runTest(SuiteRunner.java:377)
at org.testng.SuiteRunner.access$000(SuiteRunner.java:28)
at org.testng.SuiteRunner$SuiteWorker.run(SuiteRunner.java:418)
at org.testng.internal.thread.ThreadUtil.lambda$execute$0(ThreadUtil.java:64)
at java.base/java.util.concurrent.FutureTask.run(FutureTask.java:264)
at java.base/java.util.concurrent.ThreadPoolExecutor.runWorker(ThreadPoolExecutor.java:1136)
at java.base/java.util.concurrent.ThreadPoolExecutor$Worker.run(ThreadPoolExecutor.java:635)
at java.base/java.lang.Thread.run(Thread.java:833)
]]>
            </full-stacktrace>
          </exception> <!-- java.lang.AssertionError -->
          <reporter-output>
          </reporter-output>
        </test-method> <!-- payment_details_page -->
        <test-method is-config="true" signature="tearDown()[pri:0, instance:flight.tests.BookFlightTest@4f6ee6e4]" started-at="2023-08-27T12:54:21 IST" name="tearDown" finished-at="2023-08-27T12:54:21 IST" duration-ms="105" status="PASS">
          <reporter-output>
          </reporter-output>
        </test-method> <!-- tearDown -->
      </class> <!-- flight.tests.BookFlightTest -->
    </test> <!-- Test-1 -->
    <test started-at="2023-08-27T12:53:55 IST" name="Test -2" finished-at="2023-08-27T12:54:25 IST" duration-ms="30354">
      <class name="flight.tests.BookFlightTest">
        <test-method is-config="true" signature="setUp(org.testng.ITestContext)[pri:0, instance:flight.tests.BookFlightTest@6aeb35e6]" started-at="2023-08-27T12:53:55 IST" name="setUp" finished-at="2023-08-27T12:53:57 IST" duration-ms="2293" status="PASS">
          <params>
            <param index="0">
              <value>
                <![CDATA[org.testng.TestRunner@4d1c00d0]]>
              </value>
            </param>
          </params>
          <reporter-output>
          </reporter-output>
        </test-method> <!-- setUp -->
        <test-method signature="registration_page()[pri:0, instance:flight.tests.BookFlightTest@6aeb35e6]" started-at="2023-08-27T12:53:57 IST" name="registration_page" finished-at="2023-08-27T12:54:21 IST" duration-ms="23345" status="PASS">
          <reporter-output>
          </reporter-output>
        </test-method> <!-- registration_page -->
        <test-method signature="registration_confirmation_page()[pri:0, instance:flight.tests.BookFlightTest@6aeb35e6]" started-at="2023-08-27T12:54:21 IST" name="registration_confirmation_page" finished-at="2023-08-27T12:54:21 IST" depends-on-methods="flight.tests.BookFlightTest.registration_page" duration-ms="119" status="PASS">
          <reporter-output>
          </reporter-output>
        </test-method> <!-- registration_confirmation_page -->
        <test-method signature="flight_details_page(java.lang.String)[pri:0, instance:flight.tests.BookFlightTest@6aeb35e6]" started-at="2023-08-27T12:54:21 IST" name="flight_details_page" finished-at="2023-08-27T12:54:24 IST" depends-on-methods="flight.tests.BookFlightTest.registration_confirmation_page" duration-ms="3198" status="PASS">
          <params>
            <param index="0">
              <value>
                <![CDATA[2]]>
              </value>
            </param>
          </params>
          <reporter-output>
          </reporter-output>
        </test-method> <!-- flight_details_page -->
        <test-method signature="flight_reservation()[pri:0, instance:flight.tests.BookFlightTest@6aeb35e6]" started-at="2023-08-27T12:54:24 IST" name="flight_reservation" finished-at="2023-08-27T12:54:24 IST" depends-on-methods="flight.tests.BookFlightTest.flight_details_page" duration-ms="289" status="PASS">
          <reporter-output>
          </reporter-output>
        </test-method> <!-- flight_reservation -->
        <test-method signature="billing_address()[pri:0, instance:flight.tests.BookFlightTest@6aeb35e6]" started-at="2023-08-27T12:54:24 IST" name="billing_address" finished-at="2023-08-27T12:54:25 IST" depends-on-methods="flight.tests.BookFlightTest.flight_reservation" duration-ms="658" status="PASS">
          <reporter-output>
          </reporter-output>
        </test-method> <!-- billing_address -->
        <test-method signature="payment_details_page(java.lang.String)[pri:0, instance:flight.tests.BookFlightTest@6aeb35e6]" started-at="2023-08-27T12:54:25 IST" name="payment_details_page" finished-at="2023-08-27T12:54:25 IST" depends-on-methods="flight.tests.BookFlightTest.billing_address" duration-ms="271" status="FAIL">
          <params>
            <param index="0">
              <value>
                <![CDATA[Total Bill: $1169 USD]]>
              </value>
            </param>
          </params>
          <exception class="java.lang.AssertionError">
            <message>
              <![CDATA[expected [] but found [Total Bill: $1169 USD]]]>
            </message>
            <full-stacktrace>
              <![CDATA[java.lang.AssertionError: expected [] but found [Total Bill: $1169 USD]
at org.testng.Assert.fail(Assert.java:99)
at org.testng.Assert.failNotEquals(Assert.java:1037)
at org.testng.Assert.assertEqualsImpl(Assert.java:140)
at org.testng.Assert.assertEquals(Assert.java:122)
at org.testng.Assert.assertEquals(Assert.java:629)
at org.testng.Assert.assertEquals(Assert.java:639)
at flight.tests.BookFlightTest.payment_details_page(BookFlightTest.java:80)
at java.base/jdk.internal.reflect.NativeMethodAccessorImpl.invoke0(Native Method)
at java.base/jdk.internal.reflect.NativeMethodAccessorImpl.invoke(NativeMethodAccessorImpl.java:77)
at java.base/jdk.internal.reflect.DelegatingMethodAccessorImpl.invoke(DelegatingMethodAccessorImpl.java:43)
at java.base/java.lang.reflect.Method.invoke(Method.java:568)
at org.testng.internal.MethodInvocationHelper.invokeMethod(MethodInvocationHelper.java:133)
at org.testng.internal.TestInvoker.invokeMethod(TestInvoker.java:598)
at org.testng.internal.TestInvoker.invokeTestMethod(TestInvoker.java:173)
at org.testng.internal.MethodRunner.runInSequence(MethodRunner.java:46)
at org.testng.internal.TestInvoker$MethodInvocationAgent.invoke(TestInvoker.java:824)
at org.testng.internal.TestInvoker.invokeTestMethods(TestInvoker.java:146)
at org.testng.internal.TestMethodWorker.invokeTestMethods(TestMethodWorker.java:146)
at org.testng.internal.TestMethodWorker.run(TestMethodWorker.java:128)
at java.base/java.util.ArrayList.forEach(ArrayList.java:1511)
at org.testng.TestRunner.privateRun(TestRunner.java:794)
at org.testng.TestRunner.run(TestRunner.java:596)
at org.testng.SuiteRunner.runTest(SuiteRunner.java:377)
at org.testng.SuiteRunner.access$000(SuiteRunner.java:28)
at org.testng.SuiteRunner$SuiteWorker.run(SuiteRunner.java:418)
at org.testng.internal.thread.ThreadUtil.lambda$execute$0(ThreadUtil.java:64)
at java.base/java.util.concurrent.FutureTask.run(FutureTask.java:264)
at java.base/java.util.concurrent.ThreadPoolExecutor.runWorker(ThreadPoolExecutor.java:1136)
at java.base/java.util.concurrent.ThreadPoolExecutor$Worker.run(ThreadPoolExecutor.java:635)
at java.base/java.lang.Thread.run(Thread.java:833)
]]>
            </full-stacktrace>
          </exception> <!-- java.lang.AssertionError -->
          <reporter-output>
          </reporter-output>
        </test-method> <!-- payment_details_page -->
        <test-method is-config="true" signature="tearDown()[pri:0, instance:flight.tests.BookFlightTest@6aeb35e6]" started-at="2023-08-27T12:54:25 IST" name="tearDown" finished-at="2023-08-27T12:54:25 IST" duration-ms="142" status="PASS">
          <reporter-output>
          </reporter-output>
        </test-method> <!-- tearDown -->
      </class> <!-- flight.tests.BookFlightTest -->
    </test> <!-- Test -2 -->
  </suite> <!-- Suite -->
</testng-results>
